[12:34:58] [ServerMain/INFO]: Environment: authHost='https://authserver.mojang.com', accountsHost='https://api.mojang.com', sessionHost='https://sessionserver.mojang.com', servicesHost='https://api.minecraftservices.com', name='PROD'
[12:34:58] [ServerMain/INFO]: Found new data pack file/bukkit, loading it automatically
[12:34:59] [ServerMain/INFO]: Reloading ResourceManager: Default, bukkit
[12:35:00] [Worker-Main-10/INFO]: Loaded 7 recipes
[12:35:02] [Server thread/INFO]: Starting minecraft server version 1.18.1
[12:35:02] [Server thread/INFO]: Loading properties
[12:35:02] [Server thread/INFO]: This server is running CraftBukkit version 3416-Spigot-862678e-eb7a2dc (MC: 1.18.1) (Implementing API version 1.18.1-R0.1-SNAPSHOT)
[12:35:02] [Server thread/INFO]: Debug logging is disabled
[12:35:02] [Server thread/INFO]: Server Ping Player Sample Count: 12
[12:35:02] [Server thread/INFO]: Using 4 threads for Netty based IO
[12:35:02] [Server thread/INFO]: Default game type: SURVIVAL
[12:35:02] [Server thread/INFO]: Generating keypair
[12:35:02] [Server thread/INFO]: Starting Minecraft server on *:25565
[12:35:02] [Server thread/INFO]: Using default channel type
[12:35:03] [Server thread/INFO]: [WaterDemon] Loading WaterDemon v1.0-SNAPSHOT
[12:35:03] [Server thread/INFO]: Preparing level "world"
[12:35:03] [Server thread/INFO]: -------- World Settings For [world] --------
[12:35:03] [Server thread/INFO]: Zombie Aggressive Towards Villager: true
[12:35:03] [Server thread/INFO]: Item Despawn Rate: 6000
[12:35:03] [Server thread/INFO]: Item Merge Radius: 2.5
[12:35:03] [Server thread/INFO]: Allow Zombie Pigmen to spawn from portal blocks: true
[12:35:03] [Server thread/INFO]: Simulation Distance: 10
[12:35:03] [Server thread/INFO]: View Distance: 10
[12:35:03] [Server thread/INFO]: Nerfing mobs spawned from spawners: false
[12:35:03] [Server thread/INFO]: Max TNT Explosions: 100
[12:35:03] [Server thread/INFO]: Tile Max Tick Time: 50ms Entity max Tick Time: 50ms
[12:35:03] [Server thread/INFO]: Experience Merge Radius: 3.0
[12:35:03] [Server thread/INFO]: Mob Spawn Range: 6
[12:35:03] [Server thread/INFO]: Cactus Growth Modifier: 100%
[12:35:03] [Server thread/INFO]: Cane Growth Modifier: 100%
[12:35:03] [Server thread/INFO]: Melon Growth Modifier: 100%
[12:35:03] [Server thread/INFO]: Mushroom Growth Modifier: 100%
[12:35:03] [Server thread/INFO]: Pumpkin Growth Modifier: 100%
[12:35:03] [Server thread/INFO]: Sapling Growth Modifier: 100%
[12:35:03] [Server thread/INFO]: Beetroot Growth Modifier: 100%
[12:35:03] [Server thread/INFO]: Carrot Growth Modifier: 100%
[12:35:03] [Server thread/INFO]: Potato Growth Modifier: 100%
[12:35:03] [Server thread/INFO]: Wheat Growth Modifier: 100%
[12:35:03] [Server thread/INFO]: NetherWart Growth Modifier: 100%
[12:35:03] [Server thread/INFO]: Vine Growth Modifier: 100%
[12:35:03] [Server thread/INFO]: Cocoa Growth Modifier: 100%
[12:35:03] [Server thread/INFO]: Bamboo Growth Modifier: 100%
[12:35:03] [Server thread/INFO]: SweetBerry Growth Modifier: 100%
[12:35:03] [Server thread/INFO]: Kelp Growth Modifier: 100%
[12:35:03] [Server thread/INFO]: Entity Activation Range: An 32 / Mo 32 / Ra 48 / Mi 16 / Tiv true / Isa false
[12:35:03] [Server thread/INFO]: Entity Tracking Range: Pl 48 / An 48 / Mo 48 / Mi 32 / Other 64
[12:35:03] [Server thread/INFO]: Custom Map Seeds:  Village: 10387312 Desert: 14357617 Igloo: 14357618 Jungle: 14357619 Swamp: 14357620 Monument: 10387313 Ocean: 14357621 Shipwreck: 165745295 End City: 10387313 Slime: 987234911 Bastion: 30084232 Fortress: 30084232 Mansion: 10387319 Fossil: 14357921 Portal: 34222645
[12:35:03] [Server thread/INFO]: Hopper Transfer: 8 Hopper Check: 1 Hopper Amount: 1
[12:35:03] [Server thread/INFO]: Arrow Despawn Rate: 1200 Trident Respawn Rate:1200
[12:35:04] [Server thread/INFO]: -------- World Settings For [world_nether] --------
[12:35:04] [Server thread/INFO]: Zombie Aggressive Towards Villager: true
[12:35:04] [Server thread/INFO]: Item Despawn Rate: 6000
[12:35:04] [Server thread/INFO]: Item Merge Radius: 2.5
[12:35:04] [Server thread/INFO]: Allow Zombie Pigmen to spawn from portal blocks: true
[12:35:04] [Server thread/INFO]: Simulation Distance: 10
[12:35:04] [Server thread/INFO]: View Distance: 10
[12:35:04] [Server thread/INFO]: Nerfing mobs spawned from spawners: false
[12:35:04] [Server thread/INFO]: Max TNT Explosions: 100
[12:35:04] [Server thread/INFO]: Tile Max Tick Time: 50ms Entity max Tick Time: 50ms
[12:35:04] [Server thread/INFO]: Experience Merge Radius: 3.0
[12:35:04] [Server thread/INFO]: Mob Spawn Range: 6
[12:35:04] [Server thread/INFO]: Cactus Growth Modifier: 100%
[12:35:04] [Server thread/INFO]: Cane Growth Modifier: 100%
[12:35:04] [Server thread/INFO]: Melon Growth Modifier: 100%
[12:35:04] [Server thread/INFO]: Mushroom Growth Modifier: 100%
[12:35:04] [Server thread/INFO]: Pumpkin Growth Modifier: 100%
[12:35:04] [Server thread/INFO]: Sapling Growth Modifier: 100%
[12:35:04] [Server thread/INFO]: Beetroot Growth Modifier: 100%
[12:35:04] [Server thread/INFO]: Carrot Growth Modifier: 100%
[12:35:04] [Server thread/INFO]: Potato Growth Modifier: 100%
[12:35:04] [Server thread/INFO]: Wheat Growth Modifier: 100%
[12:35:04] [Server thread/INFO]: NetherWart Growth Modifier: 100%
[12:35:04] [Server thread/INFO]: Vine Growth Modifier: 100%
[12:35:04] [Server thread/INFO]: Cocoa Growth Modifier: 100%
[12:35:04] [Server thread/INFO]: Bamboo Growth Modifier: 100%
[12:35:04] [Server thread/INFO]: SweetBerry Growth Modifier: 100%
[12:35:04] [Server thread/INFO]: Kelp Growth Modifier: 100%
[12:35:04] [Server thread/INFO]: Entity Activation Range: An 32 / Mo 32 / Ra 48 / Mi 16 / Tiv true / Isa false
[12:35:04] [Server thread/INFO]: Entity Tracking Range: Pl 48 / An 48 / Mo 48 / Mi 32 / Other 64
[12:35:04] [Server thread/INFO]: Custom Map Seeds:  Village: 10387312 Desert: 14357617 Igloo: 14357618 Jungle: 14357619 Swamp: 14357620 Monument: 10387313 Ocean: 14357621 Shipwreck: 165745295 End City: 10387313 Slime: 987234911 Bastion: 30084232 Fortress: 30084232 Mansion: 10387319 Fossil: 14357921 Portal: 34222645
[12:35:04] [Server thread/INFO]: Hopper Transfer: 8 Hopper Check: 1 Hopper Amount: 1
[12:35:04] [Server thread/INFO]: Arrow Despawn Rate: 1200 Trident Respawn Rate:1200
[12:35:04] [Server thread/INFO]: -------- World Settings For [world_the_end] --------
[12:35:04] [Server thread/INFO]: Zombie Aggressive Towards Villager: true
[12:35:04] [Server thread/INFO]: Item Despawn Rate: 6000
[12:35:04] [Server thread/INFO]: Item Merge Radius: 2.5
[12:35:04] [Server thread/INFO]: Allow Zombie Pigmen to spawn from portal blocks: true
[12:35:04] [Server thread/INFO]: Simulation Distance: 10
[12:35:04] [Server thread/INFO]: View Distance: 10
[12:35:04] [Server thread/INFO]: Nerfing mobs spawned from spawners: false
[12:35:04] [Server thread/INFO]: Max TNT Explosions: 100
[12:35:04] [Server thread/INFO]: Tile Max Tick Time: 50ms Entity max Tick Time: 50ms
[12:35:04] [Server thread/INFO]: Experience Merge Radius: 3.0
[12:35:04] [Server thread/INFO]: Mob Spawn Range: 6
[12:35:04] [Server thread/INFO]: Cactus Growth Modifier: 100%
[12:35:04] [Server thread/INFO]: Cane Growth Modifier: 100%
[12:35:04] [Server thread/INFO]: Melon Growth Modifier: 100%
[12:35:04] [Server thread/INFO]: Mushroom Growth Modifier: 100%
[12:35:04] [Server thread/INFO]: Pumpkin Growth Modifier: 100%
[12:35:04] [Server thread/INFO]: Sapling Growth Modifier: 100%
[12:35:04] [Server thread/INFO]: Beetroot Growth Modifier: 100%
[12:35:04] [Server thread/INFO]: Carrot Growth Modifier: 100%
[12:35:04] [Server thread/INFO]: Potato Growth Modifier: 100%
[12:35:04] [Server thread/INFO]: Wheat Growth Modifier: 100%
[12:35:04] [Server thread/INFO]: NetherWart Growth Modifier: 100%
[12:35:04] [Server thread/INFO]: Vine Growth Modifier: 100%
[12:35:04] [Server thread/INFO]: Cocoa Growth Modifier: 100%
[12:35:04] [Server thread/INFO]: Bamboo Growth Modifier: 100%
[12:35:04] [Server thread/INFO]: SweetBerry Growth Modifier: 100%
[12:35:04] [Server thread/INFO]: Kelp Growth Modifier: 100%
[12:35:04] [Server thread/INFO]: Entity Activation Range: An 32 / Mo 32 / Ra 48 / Mi 16 / Tiv true / Isa false
[12:35:04] [Server thread/INFO]: Entity Tracking Range: Pl 48 / An 48 / Mo 48 / Mi 32 / Other 64
[12:35:04] [Server thread/INFO]: Custom Map Seeds:  Village: 10387312 Desert: 14357617 Igloo: 14357618 Jungle: 14357619 Swamp: 14357620 Monument: 10387313 Ocean: 14357621 Shipwreck: 165745295 End City: 10387313 Slime: 987234911 Bastion: 30084232 Fortress: 30084232 Mansion: 10387319 Fossil: 14357921 Portal: 34222645
[12:35:04] [Server thread/INFO]: Hopper Transfer: 8 Hopper Check: 1 Hopper Amount: 1
[12:35:04] [Server thread/INFO]: Arrow Despawn Rate: 1200 Trident Respawn Rate:1200
[12:35:04] [Server thread/INFO]: Preparing start region for dimension minecraft:overworld
[12:35:06] [Worker-Main-10/INFO]: Preparing spawn area: 0%
[12:35:06] [Worker-Main-12/INFO]: Preparing spawn area: 0%
[12:35:06] [Worker-Main-12/INFO]: Preparing spawn area: 0%
[12:35:06] [Worker-Main-10/INFO]: Preparing spawn area: 0%
[12:35:06] [Worker-Main-14/INFO]: Preparing spawn area: 0%
[12:35:07] [Worker-Main-12/INFO]: Preparing spawn area: 0%
[12:35:07] [Worker-Main-11/INFO]: Preparing spawn area: 0%
[12:35:08] [Worker-Main-11/INFO]: Preparing spawn area: 0%
[12:35:08] [Worker-Main-12/INFO]: Preparing spawn area: 0%
[12:35:09] [Worker-Main-13/INFO]: Preparing spawn area: 0%
[12:35:09] [Worker-Main-11/INFO]: Preparing spawn area: 3%
[12:35:10] [Worker-Main-11/INFO]: Preparing spawn area: 4%
[12:35:10] [Worker-Main-13/INFO]: Preparing spawn area: 4%
[12:35:11] [Worker-Main-9/INFO]: Preparing spawn area: 10%
[12:35:11] [Worker-Main-13/INFO]: Preparing spawn area: 22%
[12:35:12] [Worker-Main-12/INFO]: Preparing spawn area: 24%
[12:35:12] [Worker-Main-9/INFO]: Preparing spawn area: 35%
[12:35:13] [Worker-Main-11/INFO]: Preparing spawn area: 54%
[12:35:13] [Worker-Main-9/INFO]: Preparing spawn area: 75%
[12:35:14] [Worker-Main-12/INFO]: Preparing spawn area: 90%
[12:35:14] [Server thread/INFO]: Time elapsed: 9904 ms
[12:35:14] [Server thread/INFO]: Preparing start region for dimension minecraft:the_nether
[12:35:15] [Worker-Main-9/INFO]: Preparing spawn area: 0%
[12:35:15] [Worker-Main-9/INFO]: Preparing spawn area: 0%
[12:35:16] [Worker-Main-11/INFO]: Preparing spawn area: 0%
[12:35:16] [Worker-Main-12/INFO]: Preparing spawn area: 0%
[12:35:16] [Worker-Main-11/INFO]: Preparing spawn area: 0%
[12:35:17] [Worker-Main-11/INFO]: Preparing spawn area: 0%
[12:35:17] [Worker-Main-13/INFO]: Preparing spawn area: 0%
[12:35:18] [Worker-Main-14/INFO]: Preparing spawn area: 0%
[12:35:18] [Worker-Main-9/INFO]: Preparing spawn area: 1%
[12:35:19] [Worker-Main-13/INFO]: Preparing spawn area: 8%
[12:35:19] [Worker-Main-13/INFO]: Preparing spawn area: 17%
[12:35:20] [Worker-Main-13/INFO]: Preparing spawn area: 19%
[12:35:20] [Worker-Main-9/INFO]: Preparing spawn area: 29%
[12:35:21] [Worker-Main-12/INFO]: Preparing spawn area: 36%
[12:35:21] [Worker-Main-12/INFO]: Preparing spawn area: 54%
[12:35:22] [Worker-Main-9/INFO]: Preparing spawn area: 62%
[12:35:22] [Worker-Main-8/INFO]: Preparing spawn area: 68%
[12:35:23] [Worker-Main-8/INFO]: Preparing spawn area: 69%
[12:35:23] [Worker-Main-9/INFO]: Preparing spawn area: 70%
[12:35:24] [Worker-Main-12/INFO]: Preparing spawn area: 71%
[12:35:24] [Worker-Main-9/INFO]: Preparing spawn area: 74%
[12:35:25] [Worker-Main-12/INFO]: Preparing spawn area: 75%
[12:35:25] [Worker-Main-12/INFO]: Preparing spawn area: 77%
[12:35:26] [Worker-Main-12/INFO]: Preparing spawn area: 80%
[12:35:26] [Worker-Main-14/INFO]: Preparing spawn area: 82%
[12:35:27] [Worker-Main-10/INFO]: Preparing spawn area: 83%
[12:35:27] [Worker-Main-10/INFO]: Preparing spawn area: 84%
[12:35:28] [Worker-Main-10/INFO]: Preparing spawn area: 84%
[12:35:28] [Worker-Main-8/INFO]: Preparing spawn area: 85%
[12:35:29] [Worker-Main-14/INFO]: Preparing spawn area: 87%
[12:35:29] [Worker-Main-11/INFO]: Preparing spawn area: 88%
[12:35:30] [Worker-Main-11/INFO]: Preparing spawn area: 91%
[12:35:30] [Worker-Main-12/INFO]: Preparing spawn area: 93%
[12:35:31] [Worker-Main-12/INFO]: Preparing spawn area: 96%
[12:35:31] [Worker-Main-10/INFO]: Preparing spawn area: 99%
[12:35:32] [Server thread/INFO]: Time elapsed: 17268 ms
[12:35:32] [Server thread/INFO]: Preparing start region for dimension minecraft:the_end
[12:35:32] [Worker-Main-12/INFO]: Preparing spawn area: 0%
[12:35:32] [Worker-Main-8/INFO]: Preparing spawn area: 0%
[12:35:33] [Worker-Main-8/INFO]: Preparing spawn area: 0%
[12:35:33] [Worker-Main-14/INFO]: Preparing spawn area: 0%
[12:35:34] [Worker-Main-8/INFO]: Preparing spawn area: 4%
[12:35:34] [Worker-Main-11/INFO]: Preparing spawn area: 11%
[12:35:35] [Worker-Main-10/INFO]: Preparing spawn area: 27%
[12:35:35] [Worker-Main-8/INFO]: Preparing spawn area: 42%
[12:35:36] [Worker-Main-13/INFO]: Preparing spawn area: 46%
[12:35:36] [Worker-Main-8/INFO]: Preparing spawn area: 68%
[12:35:37] [Worker-Main-11/INFO]: Preparing spawn area: 75%
[12:35:37] [Worker-Main-9/INFO]: Preparing spawn area: 84%
[12:35:38] [Worker-Main-9/INFO]: Preparing spawn area: 89%
[12:35:38] [Worker-Main-8/INFO]: Preparing spawn area: 98%
[12:35:38] [Server thread/INFO]: Time elapsed: 6526 ms
[12:35:38] [Server thread/INFO]: [WaterDemon] Enabling WaterDemon v1.0-SNAPSHOT
[12:35:38] [Server thread/INFO]: Server permissions file permissions.yml is empty, ignoring it
[12:35:38] [Server thread/INFO]: Done (34.985s)! For help, type "help"
[12:35:41] [User Authenticator #1/INFO]: UUID of player welcomehyunseo is c8a169ec-895c-426b-a0c4-2d359dd59a26
[12:35:42] [Server thread/INFO]: welcomehyunseo[/127.0.0.1:63094] logged in with entity id 52 at ([world]0.5, 1.0, 0.5)
[12:35:56] [Server thread/INFO]: Unknown command. Type "/help" for help.[m
[12:35:58] [Server thread/INFO]: Made welcomehyunseo a server operator
[12:36:05] [Server thread/INFO]: welcomehyunseo issued server command: /gamemode creative
[12:36:05] [Server thread/INFO]: [welcomehyunseo: Set own game mode to Creative Mode]
