[09:29:57] [ServerMain/INFO]: Environment: authHost='https://authserver.mojang.com', accountsHost='https://api.mojang.com', sessionHost='https://sessionserver.mojang.com', servicesHost='https://api.minecraftservices.com', name='PROD'
[09:29:57] [ServerMain/INFO]: Reloading ResourceManager: Default, bukkit
[09:29:58] [Worker-Main-10/INFO]: Loaded 7 recipes
[09:30:01] [Server thread/INFO]: Starting minecraft server version 1.18.1
[09:30:01] [Server thread/INFO]: Loading properties
[09:30:01] [Server thread/INFO]: This server is running CraftBukkit version 3416-Spigot-862678e-eb7a2dc (MC: 1.18.1) (Implementing API version 1.18.1-R0.1-SNAPSHOT)
[09:30:01] [Server thread/INFO]: Debug logging is disabled
[09:30:01] [Server thread/INFO]: Server Ping Player Sample Count: 12
[09:30:01] [Server thread/INFO]: Using 4 threads for Netty based IO
[09:30:01] [Server thread/INFO]: Default game type: SURVIVAL
[09:30:01] [Server thread/INFO]: Generating keypair
[09:30:02] [Server thread/INFO]: Starting Minecraft server on *:25565
[09:30:02] [Server thread/INFO]: Using default channel type
[09:30:03] [Server thread/INFO]: [WorldEdit] Loading WorldEdit v7.2.9+e20e013
[09:30:03] [Server thread/INFO]: Got request to register class com.sk89q.worldedit.bukkit.BukkitServerInterface with WorldEdit [com.sk89q.worldedit.extension.platform.PlatformManager@4bca7da4]
[09:30:03] [Server thread/INFO]: [WorldEdit] Enabling WorldEdit v7.2.9+e20e013
[09:30:03] [Server thread/INFO]: Registering commands with com.sk89q.worldedit.bukkit.BukkitServerInterface
[09:30:04] [Server thread/INFO]: WEPIF: Using the Bukkit Permissions API.
[09:30:04] [Server thread/INFO]: Using com.sk89q.worldedit.bukkit.adapter.impl.v1_18_R1.PaperweightAdapter as the Bukkit adapter
[09:30:05] [Server thread/INFO]: [WorldEdit] ====================================================
[09:30:05] [Server thread/INFO]: [WorldEdit]  WorldEdit works better if you use Paper 
[09:30:05] [Server thread/INFO]: [WorldEdit]  as your server software. 
[09:30:05] [Server thread/INFO]: [WorldEdit]   
[09:30:05] [Server thread/INFO]: [WorldEdit]  Paper offers significant performance improvements,
[09:30:05] [Server thread/INFO]: [WorldEdit]  bug fixes, security enhancements and optional
[09:30:05] [Server thread/INFO]: [WorldEdit]  features for server owners to enhance their server.
[09:30:05] [Server thread/INFO]: [WorldEdit]   
[09:30:05] [Server thread/INFO]: [WorldEdit]  Paper includes Timings v2, which is significantly
[09:30:05] [Server thread/INFO]: [WorldEdit]  better at diagnosing lag problems over v1.
[09:30:05] [Server thread/INFO]: [WorldEdit]   
[09:30:05] [Server thread/INFO]: [WorldEdit]  All of your plugins should still work, and the
[09:30:05] [Server thread/INFO]: [WorldEdit]  Paper community will gladly help you fix any issues.
[09:30:05] [Server thread/INFO]: [WorldEdit]   
[09:30:05] [Server thread/INFO]: [WorldEdit]  Join the Paper Community @ https://papermc.io
[09:30:05] [Server thread/INFO]: [WorldEdit] ====================================================
[09:30:05] [Server thread/INFO]: Preparing level "world"
[09:30:05] [Server thread/INFO]: -------- World Settings For [world] --------
[09:30:05] [Server thread/INFO]: Cactus Growth Modifier: 100%
[09:30:05] [Server thread/INFO]: Cane Growth Modifier: 100%
[09:30:05] [Server thread/INFO]: Melon Growth Modifier: 100%
[09:30:05] [Server thread/INFO]: Mushroom Growth Modifier: 100%
[09:30:05] [Server thread/INFO]: Pumpkin Growth Modifier: 100%
[09:30:05] [Server thread/INFO]: Sapling Growth Modifier: 100%
[09:30:05] [Server thread/INFO]: Beetroot Growth Modifier: 100%
[09:30:05] [Server thread/INFO]: Carrot Growth Modifier: 100%
[09:30:05] [Server thread/INFO]: Potato Growth Modifier: 100%
[09:30:05] [Server thread/INFO]: Wheat Growth Modifier: 100%
[09:30:05] [Server thread/INFO]: NetherWart Growth Modifier: 100%
[09:30:05] [Server thread/INFO]: Vine Growth Modifier: 100%
[09:30:05] [Server thread/INFO]: Cocoa Growth Modifier: 100%
[09:30:05] [Server thread/INFO]: Bamboo Growth Modifier: 100%
[09:30:05] [Server thread/INFO]: SweetBerry Growth Modifier: 100%
[09:30:05] [Server thread/INFO]: Kelp Growth Modifier: 100%
[09:30:05] [Server thread/INFO]: Experience Merge Radius: 3.0
[09:30:05] [Server thread/INFO]: Entity Activation Range: An 32 / Mo 32 / Ra 48 / Mi 16 / Tiv true / Isa false
[09:30:05] [Server thread/INFO]: Entity Tracking Range: Pl 48 / An 48 / Mo 48 / Mi 32 / Other 64
[09:30:05] [Server thread/INFO]: Custom Map Seeds:  Village: 10387312 Desert: 14357617 Igloo: 14357618 Jungle: 14357619 Swamp: 14357620 Monument: 10387313 Ocean: 14357621 Shipwreck: 165745295 End City: 10387313 Slime: 987234911 Bastion: 30084232 Fortress: 30084232 Mansion: 10387319 Fossil: 14357921 Portal: 34222645
[09:30:05] [Server thread/INFO]: Hopper Transfer: 8 Hopper Check: 1 Hopper Amount: 1
[09:30:05] [Server thread/INFO]: Tile Max Tick Time: 50ms Entity max Tick Time: 50ms
[09:30:05] [Server thread/INFO]: Max TNT Explosions: 100
[09:30:05] [Server thread/INFO]: Item Despawn Rate: 6000
[09:30:05] [Server thread/INFO]: Item Merge Radius: 2.5
[09:30:05] [Server thread/INFO]: View Distance: 10
[09:30:05] [Server thread/INFO]: Simulation Distance: 10
[09:30:05] [Server thread/INFO]: Allow Zombie Pigmen to spawn from portal blocks: true
[09:30:05] [Server thread/INFO]: Arrow Despawn Rate: 1200 Trident Respawn Rate:1200
[09:30:05] [Server thread/INFO]: Nerfing mobs spawned from spawners: false
[09:30:05] [Server thread/INFO]: Zombie Aggressive Towards Villager: true
[09:30:05] [Server thread/INFO]: Mob Spawn Range: 6
[09:30:06] [Server thread/INFO]: -------- World Settings For [world_nether] --------
[09:30:06] [Server thread/INFO]: Cactus Growth Modifier: 100%
[09:30:06] [Server thread/INFO]: Cane Growth Modifier: 100%
[09:30:06] [Server thread/INFO]: Melon Growth Modifier: 100%
[09:30:06] [Server thread/INFO]: Mushroom Growth Modifier: 100%
[09:30:06] [Server thread/INFO]: Pumpkin Growth Modifier: 100%
[09:30:06] [Server thread/INFO]: Sapling Growth Modifier: 100%
[09:30:06] [Server thread/INFO]: Beetroot Growth Modifier: 100%
[09:30:06] [Server thread/INFO]: Carrot Growth Modifier: 100%
[09:30:06] [Server thread/INFO]: Potato Growth Modifier: 100%
[09:30:06] [Server thread/INFO]: Wheat Growth Modifier: 100%
[09:30:06] [Server thread/INFO]: NetherWart Growth Modifier: 100%
[09:30:06] [Server thread/INFO]: Vine Growth Modifier: 100%
[09:30:06] [Server thread/INFO]: Cocoa Growth Modifier: 100%
[09:30:06] [Server thread/INFO]: Bamboo Growth Modifier: 100%
[09:30:06] [Server thread/INFO]: SweetBerry Growth Modifier: 100%
[09:30:06] [Server thread/INFO]: Kelp Growth Modifier: 100%
[09:30:06] [Server thread/INFO]: Experience Merge Radius: 3.0
[09:30:06] [Server thread/INFO]: Entity Activation Range: An 32 / Mo 32 / Ra 48 / Mi 16 / Tiv true / Isa false
[09:30:06] [Server thread/INFO]: Entity Tracking Range: Pl 48 / An 48 / Mo 48 / Mi 32 / Other 64
[09:30:06] [Server thread/INFO]: Custom Map Seeds:  Village: 10387312 Desert: 14357617 Igloo: 14357618 Jungle: 14357619 Swamp: 14357620 Monument: 10387313 Ocean: 14357621 Shipwreck: 165745295 End City: 10387313 Slime: 987234911 Bastion: 30084232 Fortress: 30084232 Mansion: 10387319 Fossil: 14357921 Portal: 34222645
[09:30:06] [Server thread/INFO]: Hopper Transfer: 8 Hopper Check: 1 Hopper Amount: 1
[09:30:06] [Server thread/INFO]: Tile Max Tick Time: 50ms Entity max Tick Time: 50ms
[09:30:06] [Server thread/INFO]: Max TNT Explosions: 100
[09:30:06] [Server thread/INFO]: Item Despawn Rate: 6000
[09:30:06] [Server thread/INFO]: Item Merge Radius: 2.5
[09:30:06] [Server thread/INFO]: View Distance: 10
[09:30:06] [Server thread/INFO]: Simulation Distance: 10
[09:30:06] [Server thread/INFO]: Allow Zombie Pigmen to spawn from portal blocks: true
[09:30:06] [Server thread/INFO]: Arrow Despawn Rate: 1200 Trident Respawn Rate:1200
[09:30:06] [Server thread/INFO]: Nerfing mobs spawned from spawners: false
[09:30:06] [Server thread/INFO]: Zombie Aggressive Towards Villager: true
[09:30:06] [Server thread/INFO]: Mob Spawn Range: 6
[09:30:06] [Server thread/INFO]: -------- World Settings For [world_the_end] --------
[09:30:06] [Server thread/INFO]: Cactus Growth Modifier: 100%
[09:30:06] [Server thread/INFO]: Cane Growth Modifier: 100%
[09:30:06] [Server thread/INFO]: Melon Growth Modifier: 100%
[09:30:06] [Server thread/INFO]: Mushroom Growth Modifier: 100%
[09:30:06] [Server thread/INFO]: Pumpkin Growth Modifier: 100%
[09:30:06] [Server thread/INFO]: Sapling Growth Modifier: 100%
[09:30:06] [Server thread/INFO]: Beetroot Growth Modifier: 100%
[09:30:06] [Server thread/INFO]: Carrot Growth Modifier: 100%
[09:30:06] [Server thread/INFO]: Potato Growth Modifier: 100%
[09:30:06] [Server thread/INFO]: Wheat Growth Modifier: 100%
[09:30:06] [Server thread/INFO]: NetherWart Growth Modifier: 100%
[09:30:06] [Server thread/INFO]: Vine Growth Modifier: 100%
[09:30:06] [Server thread/INFO]: Cocoa Growth Modifier: 100%
[09:30:06] [Server thread/INFO]: Bamboo Growth Modifier: 100%
[09:30:06] [Server thread/INFO]: SweetBerry Growth Modifier: 100%
[09:30:06] [Server thread/INFO]: Kelp Growth Modifier: 100%
[09:30:06] [Server thread/INFO]: Experience Merge Radius: 3.0
[09:30:06] [Server thread/INFO]: Entity Activation Range: An 32 / Mo 32 / Ra 48 / Mi 16 / Tiv true / Isa false
[09:30:06] [Server thread/INFO]: Entity Tracking Range: Pl 48 / An 48 / Mo 48 / Mi 32 / Other 64
[09:30:06] [Server thread/INFO]: Custom Map Seeds:  Village: 10387312 Desert: 14357617 Igloo: 14357618 Jungle: 14357619 Swamp: 14357620 Monument: 10387313 Ocean: 14357621 Shipwreck: 165745295 End City: 10387313 Slime: 987234911 Bastion: 30084232 Fortress: 30084232 Mansion: 10387319 Fossil: 14357921 Portal: 34222645
[09:30:06] [Server thread/INFO]: Hopper Transfer: 8 Hopper Check: 1 Hopper Amount: 1
[09:30:06] [Server thread/INFO]: Tile Max Tick Time: 50ms Entity max Tick Time: 50ms
[09:30:06] [Server thread/INFO]: Max TNT Explosions: 100
[09:30:06] [Server thread/INFO]: Item Despawn Rate: 6000
[09:30:06] [Server thread/INFO]: Item Merge Radius: 2.5
[09:30:06] [Server thread/INFO]: View Distance: 10
[09:30:06] [Server thread/INFO]: Simulation Distance: 10
[09:30:06] [Server thread/INFO]: Allow Zombie Pigmen to spawn from portal blocks: true
[09:30:06] [Server thread/INFO]: Arrow Despawn Rate: 1200 Trident Respawn Rate:1200
[09:30:06] [Server thread/INFO]: Nerfing mobs spawned from spawners: false
[09:30:06] [Server thread/INFO]: Zombie Aggressive Towards Villager: true
[09:30:06] [Server thread/INFO]: Mob Spawn Range: 6
[09:30:06] [Server thread/INFO]: Preparing start region for dimension minecraft:overworld
[09:30:08] [Worker-Main-8/INFO]: Preparing spawn area: 0%
[09:30:08] [Worker-Main-12/INFO]: Preparing spawn area: 0%
[09:30:08] [Worker-Main-13/INFO]: Preparing spawn area: 0%
[09:30:08] [Worker-Main-13/INFO]: Preparing spawn area: 0%
[09:30:08] [Worker-Main-10/INFO]: Preparing spawn area: 0%
[09:30:09] [Worker-Main-14/INFO]: Preparing spawn area: 0%
[09:30:10] [Worker-Main-8/INFO]: Preparing spawn area: 0%
[09:30:10] [Worker-Main-11/INFO]: Preparing spawn area: 0%
[09:30:10] [Worker-Main-12/INFO]: Preparing spawn area: 0%
[09:30:11] [Worker-Main-9/INFO]: Preparing spawn area: 4%
[09:30:11] [Worker-Main-8/INFO]: Preparing spawn area: 4%
[09:30:12] [Worker-Main-8/INFO]: Preparing spawn area: 7%
[09:30:12] [Worker-Main-13/INFO]: Preparing spawn area: 14%
[09:30:13] [Worker-Main-11/INFO]: Preparing spawn area: 25%
[09:30:13] [Worker-Main-8/INFO]: Preparing spawn area: 31%
[09:30:14] [Worker-Main-10/INFO]: Preparing spawn area: 41%
[09:30:14] [Worker-Main-9/INFO]: Preparing spawn area: 59%
[09:30:15] [Worker-Main-10/INFO]: Preparing spawn area: 65%
[09:30:15] [Worker-Main-8/INFO]: Preparing spawn area: 72%
[09:30:16] [Worker-Main-13/INFO]: Preparing spawn area: 81%
[09:30:16] [Worker-Main-13/INFO]: Preparing spawn area: 81%
[09:30:17] [Server thread/INFO]: Time elapsed: 10415 ms
[09:30:17] [Server thread/INFO]: Preparing start region for dimension minecraft:the_nether
[09:30:19] [Worker-Main-10/INFO]: Preparing spawn area: 0%
[09:30:19] [Worker-Main-10/INFO]: Preparing spawn area: 0%
[09:30:19] [Worker-Main-10/INFO]: Preparing spawn area: 0%
[09:30:19] [Worker-Main-10/INFO]: Preparing spawn area: 0%
[09:30:19] [Worker-Main-10/INFO]: Preparing spawn area: 0%
[09:30:19] [Worker-Main-12/INFO]: Preparing spawn area: 0%
[09:30:22] [Worker-Main-14/INFO]: Preparing spawn area: 0%
[09:30:22] [Worker-Main-11/INFO]: Preparing spawn area: 0%
[09:30:22] [Worker-Main-11/INFO]: Preparing spawn area: 0%
[09:30:22] [Worker-Main-11/INFO]: Preparing spawn area: 0%
[09:30:22] [Worker-Main-11/INFO]: Preparing spawn area: 0%
[09:30:22] [Worker-Main-13/INFO]: Preparing spawn area: 0%
[09:30:23] [Worker-Main-8/INFO]: Preparing spawn area: 0%
[09:30:23] [Worker-Main-11/INFO]: Preparing spawn area: 1%
[09:30:24] [Worker-Main-9/INFO]: Preparing spawn area: 2%
[09:30:24] [Worker-Main-11/INFO]: Preparing spawn area: 9%
[09:30:25] [Worker-Main-8/INFO]: Preparing spawn area: 12%
[09:30:25] [Worker-Main-8/INFO]: Preparing spawn area: 12%
[09:30:26] [Worker-Main-8/INFO]: Preparing spawn area: 19%
[09:30:26] [Worker-Main-11/INFO]: Preparing spawn area: 26%
[09:30:27] [Worker-Main-11/INFO]: Preparing spawn area: 27%
[09:30:27] [Worker-Main-10/INFO]: Preparing spawn area: 34%
[09:30:28] [Worker-Main-9/INFO]: Preparing spawn area: 40%
[09:30:28] [Worker-Main-10/INFO]: Preparing spawn area: 48%
[09:30:29] [Worker-Main-12/INFO]: Preparing spawn area: 54%
[09:30:30] [Worker-Main-11/INFO]: Preparing spawn area: 55%
[09:30:30] [Worker-Main-11/INFO]: Preparing spawn area: 55%
[09:30:30] [Worker-Main-10/INFO]: Preparing spawn area: 61%
[09:30:31] [Worker-Main-14/INFO]: Preparing spawn area: 68%
[09:30:32] [Worker-Main-14/INFO]: Preparing spawn area: 68%
[09:30:32] [Worker-Main-14/INFO]: Preparing spawn area: 68%
[09:30:32] [Worker-Main-9/INFO]: Preparing spawn area: 68%
[09:30:33] [Worker-Main-13/INFO]: Preparing spawn area: 68%
[09:30:33] [Worker-Main-13/INFO]: Preparing spawn area: 68%
[09:30:34] [Worker-Main-11/INFO]: Preparing spawn area: 68%
[09:30:34] [Worker-Main-9/INFO]: Preparing spawn area: 68%
[09:30:35] [Worker-Main-11/INFO]: Preparing spawn area: 70%
[09:30:35] [Worker-Main-12/INFO]: Preparing spawn area: 71%
[09:30:36] [Worker-Main-12/INFO]: Preparing spawn area: 71%
[09:30:36] [Worker-Main-9/INFO]: Preparing spawn area: 72%
[09:30:37] [Worker-Main-10/INFO]: Preparing spawn area: 72%
[09:30:37] [Worker-Main-9/INFO]: Preparing spawn area: 72%
[09:30:38] [Worker-Main-12/INFO]: Preparing spawn area: 73%
[09:30:38] [Worker-Main-14/INFO]: Preparing spawn area: 73%
[09:30:39] [Worker-Main-14/INFO]: Preparing spawn area: 75%
[09:30:39] [Worker-Main-8/INFO]: Preparing spawn area: 75%
[09:30:40] [Worker-Main-10/INFO]: Preparing spawn area: 76%
[09:30:40] [Worker-Main-13/INFO]: Preparing spawn area: 78%
[09:30:41] [Worker-Main-8/INFO]: Preparing spawn area: 78%
[09:30:41] [Worker-Main-12/INFO]: Preparing spawn area: 80%
[09:30:42] [Worker-Main-14/INFO]: Preparing spawn area: 81%
[09:30:42] [Worker-Main-12/INFO]: Preparing spawn area: 83%
[09:30:43] [Worker-Main-12/INFO]: Preparing spawn area: 83%
[09:30:43] [Worker-Main-14/INFO]: Preparing spawn area: 83%
[09:30:44] [Worker-Main-8/INFO]: Preparing spawn area: 83%
[09:30:44] [Worker-Main-8/INFO]: Preparing spawn area: 83%
[09:30:45] [Worker-Main-10/INFO]: Preparing spawn area: 84%
[09:30:45] [Worker-Main-8/INFO]: Preparing spawn area: 84%
[09:30:46] [Worker-Main-10/INFO]: Preparing spawn area: 85%
[09:30:46] [Worker-Main-8/INFO]: Preparing spawn area: 85%
[09:30:47] [Worker-Main-10/INFO]: Preparing spawn area: 85%
[09:30:47] [Worker-Main-11/INFO]: Preparing spawn area: 85%
[09:30:48] [Worker-Main-14/INFO]: Preparing spawn area: 85%
[09:30:48] [Worker-Main-13/INFO]: Preparing spawn area: 86%
[09:30:49] [Worker-Main-12/INFO]: Preparing spawn area: 87%
[09:30:49] [Worker-Main-8/INFO]: Preparing spawn area: 88%
[09:30:50] [Worker-Main-8/INFO]: Preparing spawn area: 89%
[09:30:50] [Worker-Main-14/INFO]: Preparing spawn area: 89%
[09:30:51] [Worker-Main-8/INFO]: Preparing spawn area: 90%
[09:30:51] [Worker-Main-12/INFO]: Preparing spawn area: 90%
[09:30:52] [Worker-Main-13/INFO]: Preparing spawn area: 91%
[09:30:52] [Worker-Main-14/INFO]: Preparing spawn area: 93%
[09:30:53] [Worker-Main-12/INFO]: Preparing spawn area: 93%
[09:30:53] [Worker-Main-10/INFO]: Preparing spawn area: 93%
[09:30:54] [Worker-Main-9/INFO]: Preparing spawn area: 96%
[09:30:54] [Worker-Main-8/INFO]: Preparing spawn area: 96%
[09:30:55] [Worker-Main-12/INFO]: Preparing spawn area: 98%
[09:30:55] [Worker-Main-12/INFO]: Preparing spawn area: 98%
[09:30:56] [Server thread/INFO]: Time elapsed: 38824 ms
[09:30:56] [Server thread/INFO]: Preparing start region for dimension minecraft:the_end
[09:30:58] [Worker-Main-12/INFO]: Preparing spawn area: 0%
[09:30:58] [Worker-Main-12/INFO]: Preparing spawn area: 0%
[09:30:58] [Worker-Main-12/INFO]: Preparing spawn area: 0%
[09:30:58] [Worker-Main-12/INFO]: Preparing spawn area: 0%
[09:30:58] [Worker-Main-12/INFO]: Preparing spawn area: 0%
[09:30:58] [Worker-Main-13/INFO]: Preparing spawn area: 0%
[09:30:59] [Worker-Main-11/INFO]: Preparing spawn area: 0%
[09:30:59] [Worker-Main-9/INFO]: Preparing spawn area: 0%
[09:31:00] [Worker-Main-8/INFO]: Preparing spawn area: 0%
[09:31:00] [Worker-Main-14/INFO]: Preparing spawn area: 0%
[09:31:01] [Worker-Main-8/INFO]: Preparing spawn area: 4%
[09:31:02] [Worker-Main-12/INFO]: Preparing spawn area: 6%
[09:31:02] [Worker-Main-12/INFO]: Preparing spawn area: 6%
[09:31:02] [Worker-Main-9/INFO]: Preparing spawn area: 16%
[09:31:03] [Worker-Main-12/INFO]: Preparing spawn area: 24%
[09:31:03] [Worker-Main-9/INFO]: Preparing spawn area: 32%
[09:31:04] [Worker-Main-8/INFO]: Preparing spawn area: 39%
[09:31:04] [Worker-Main-10/INFO]: Preparing spawn area: 39%
[09:31:05] [Worker-Main-8/INFO]: Preparing spawn area: 42%
[09:31:05] [Worker-Main-8/INFO]: Preparing spawn area: 53%
[09:31:06] [Worker-Main-11/INFO]: Preparing spawn area: 57%
[09:31:06] [Worker-Main-12/INFO]: Preparing spawn area: 66%
[09:31:07] [Worker-Main-8/INFO]: Preparing spawn area: 69%
[09:31:07] [Worker-Main-12/INFO]: Preparing spawn area: 72%
[09:31:08] [Worker-Main-14/INFO]: Preparing spawn area: 77%
[09:31:08] [Worker-Main-11/INFO]: Preparing spawn area: 82%
[09:31:09] [Worker-Main-14/INFO]: Preparing spawn area: 83%
[09:31:09] [Worker-Main-14/INFO]: Preparing spawn area: 83%
[09:31:10] [Worker-Main-14/INFO]: Preparing spawn area: 90%
[09:31:10] [Worker-Main-11/INFO]: Preparing spawn area: 99%
[09:31:10] [Server thread/INFO]: Time elapsed: 14535 ms
[09:31:10] [Server thread/INFO]: Server permissions file permissions.yml is empty, ignoring it
[09:31:10] [Server thread/INFO]: Done (65.424s)! For help, type "help"
[09:31:17] [Server thread/INFO]: CONSOLE: [0;31;1mPlease note that this command is not supported and may cause issues when using some plugins.[m
[09:31:17] [Server thread/INFO]: CONSOLE: [0;31;1mIf you encounter any issues please use the /stop command to restart your server.[m
[09:31:17] [Server thread/INFO]: Debug logging is disabled
[09:31:17] [Server thread/INFO]: Server Ping Player Sample Count: 12
[09:31:17] [Server thread/INFO]: Using 4 threads for Netty based IO
[09:31:17] [Server thread/INFO]: -------- World Settings For [world] --------
[09:31:17] [Server thread/INFO]: Cactus Growth Modifier: 100%
[09:31:17] [Server thread/INFO]: Cane Growth Modifier: 100%
[09:31:17] [Server thread/INFO]: Melon Growth Modifier: 100%
[09:31:17] [Server thread/INFO]: Mushroom Growth Modifier: 100%
[09:31:17] [Server thread/INFO]: Pumpkin Growth Modifier: 100%
[09:31:17] [Server thread/INFO]: Sapling Growth Modifier: 100%
[09:31:17] [Server thread/INFO]: Beetroot Growth Modifier: 100%
[09:31:17] [Server thread/INFO]: Carrot Growth Modifier: 100%
[09:31:17] [Server thread/INFO]: Potato Growth Modifier: 100%
[09:31:17] [Server thread/INFO]: Wheat Growth Modifier: 100%
[09:31:17] [Server thread/INFO]: NetherWart Growth Modifier: 100%
[09:31:17] [Server thread/INFO]: Vine Growth Modifier: 100%
[09:31:17] [Server thread/INFO]: Cocoa Growth Modifier: 100%
[09:31:17] [Server thread/INFO]: Bamboo Growth Modifier: 100%
[09:31:17] [Server thread/INFO]: SweetBerry Growth Modifier: 100%
[09:31:17] [Server thread/INFO]: Kelp Growth Modifier: 100%
[09:31:17] [Server thread/INFO]: Experience Merge Radius: 3.0
[09:31:17] [Server thread/INFO]: Entity Activation Range: An 32 / Mo 32 / Ra 48 / Mi 16 / Tiv true / Isa false
[09:31:17] [Server thread/INFO]: Entity Tracking Range: Pl 48 / An 48 / Mo 48 / Mi 32 / Other 64
[09:31:17] [Server thread/INFO]: Custom Map Seeds:  Village: 10387312 Desert: 14357617 Igloo: 14357618 Jungle: 14357619 Swamp: 14357620 Monument: 10387313 Ocean: 14357621 Shipwreck: 165745295 End City: 10387313 Slime: 987234911 Bastion: 30084232 Fortress: 30084232 Mansion: 10387319 Fossil: 14357921 Portal: 34222645
[09:31:17] [Server thread/INFO]: Hopper Transfer: 8 Hopper Check: 1 Hopper Amount: 1
[09:31:17] [Server thread/INFO]: Tile Max Tick Time: 50ms Entity max Tick Time: 50ms
[09:31:17] [Server thread/INFO]: Max TNT Explosions: 100
[09:31:17] [Server thread/INFO]: Item Despawn Rate: 6000
[09:31:17] [Server thread/INFO]: Item Merge Radius: 2.5
[09:31:17] [Server thread/INFO]: View Distance: 10
[09:31:17] [Server thread/INFO]: Simulation Distance: 10
[09:31:17] [Server thread/INFO]: Allow Zombie Pigmen to spawn from portal blocks: true
[09:31:17] [Server thread/INFO]: Arrow Despawn Rate: 1200 Trident Respawn Rate:1200
[09:31:17] [Server thread/INFO]: Nerfing mobs spawned from spawners: false
[09:31:17] [Server thread/INFO]: Zombie Aggressive Towards Villager: true
[09:31:17] [Server thread/INFO]: Mob Spawn Range: 6
[09:31:17] [Server thread/INFO]: -------- World Settings For [world_nether] --------
[09:31:17] [Server thread/INFO]: Cactus Growth Modifier: 100%
[09:31:17] [Server thread/INFO]: Cane Growth Modifier: 100%
[09:31:17] [Server thread/INFO]: Melon Growth Modifier: 100%
[09:31:17] [Server thread/INFO]: Mushroom Growth Modifier: 100%
[09:31:17] [Server thread/INFO]: Pumpkin Growth Modifier: 100%
[09:31:17] [Server thread/INFO]: Sapling Growth Modifier: 100%
[09:31:17] [Server thread/INFO]: Beetroot Growth Modifier: 100%
[09:31:17] [Server thread/INFO]: Carrot Growth Modifier: 100%
[09:31:17] [Server thread/INFO]: Potato Growth Modifier: 100%
[09:31:17] [Server thread/INFO]: Wheat Growth Modifier: 100%
[09:31:17] [Server thread/INFO]: NetherWart Growth Modifier: 100%
[09:31:17] [Server thread/INFO]: Vine Growth Modifier: 100%
[09:31:17] [Server thread/INFO]: Cocoa Growth Modifier: 100%
[09:31:17] [Server thread/INFO]: Bamboo Growth Modifier: 100%
[09:31:17] [Server thread/INFO]: SweetBerry Growth Modifier: 100%
[09:31:17] [Server thread/INFO]: Kelp Growth Modifier: 100%
[09:31:17] [Server thread/INFO]: Experience Merge Radius: 3.0
[09:31:17] [Server thread/INFO]: Entity Activation Range: An 32 / Mo 32 / Ra 48 / Mi 16 / Tiv true / Isa false
[09:31:17] [Server thread/INFO]: Entity Tracking Range: Pl 48 / An 48 / Mo 48 / Mi 32 / Other 64
[09:31:17] [Server thread/INFO]: Custom Map Seeds:  Village: 10387312 Desert: 14357617 Igloo: 14357618 Jungle: 14357619 Swamp: 14357620 Monument: 10387313 Ocean: 14357621 Shipwreck: 165745295 End City: 10387313 Slime: 987234911 Bastion: 30084232 Fortress: 30084232 Mansion: 10387319 Fossil: 14357921 Portal: 34222645
[09:31:17] [Server thread/INFO]: Hopper Transfer: 8 Hopper Check: 1 Hopper Amount: 1
[09:31:17] [Server thread/INFO]: Tile Max Tick Time: 50ms Entity max Tick Time: 50ms
[09:31:17] [Server thread/INFO]: Max TNT Explosions: 100
[09:31:17] [Server thread/INFO]: Item Despawn Rate: 6000
[09:31:17] [Server thread/INFO]: Item Merge Radius: 2.5
[09:31:17] [Server thread/INFO]: View Distance: 10
[09:31:17] [Server thread/INFO]: Simulation Distance: 10
[09:31:17] [Server thread/INFO]: Allow Zombie Pigmen to spawn from portal blocks: true
[09:31:17] [Server thread/INFO]: Arrow Despawn Rate: 1200 Trident Respawn Rate:1200
[09:31:17] [Server thread/INFO]: Nerfing mobs spawned from spawners: false
[09:31:17] [Server thread/INFO]: Zombie Aggressive Towards Villager: true
[09:31:17] [Server thread/INFO]: Mob Spawn Range: 6
[09:31:17] [Server thread/INFO]: -------- World Settings For [world_the_end] --------
[09:31:17] [Server thread/INFO]: Cactus Growth Modifier: 100%
[09:31:17] [Server thread/INFO]: Cane Growth Modifier: 100%
[09:31:17] [Server thread/INFO]: Melon Growth Modifier: 100%
[09:31:17] [Server thread/INFO]: Mushroom Growth Modifier: 100%
[09:31:17] [Server thread/INFO]: Pumpkin Growth Modifier: 100%
[09:31:17] [Server thread/INFO]: Sapling Growth Modifier: 100%
[09:31:17] [Server thread/INFO]: Beetroot Growth Modifier: 100%
[09:31:17] [Server thread/INFO]: Carrot Growth Modifier: 100%
[09:31:17] [Server thread/INFO]: Potato Growth Modifier: 100%
[09:31:17] [Server thread/INFO]: Wheat Growth Modifier: 100%
[09:31:17] [Server thread/INFO]: NetherWart Growth Modifier: 100%
[09:31:17] [Server thread/INFO]: Vine Growth Modifier: 100%
[09:31:17] [Server thread/INFO]: Cocoa Growth Modifier: 100%
[09:31:17] [Server thread/INFO]: Bamboo Growth Modifier: 100%
[09:31:17] [Server thread/INFO]: SweetBerry Growth Modifier: 100%
[09:31:17] [Server thread/INFO]: Kelp Growth Modifier: 100%
[09:31:17] [Server thread/INFO]: Experience Merge Radius: 3.0
[09:31:17] [Server thread/INFO]: Entity Activation Range: An 32 / Mo 32 / Ra 48 / Mi 16 / Tiv true / Isa false
[09:31:17] [Server thread/INFO]: Entity Tracking Range: Pl 48 / An 48 / Mo 48 / Mi 32 / Other 64
[09:31:17] [Server thread/INFO]: Custom Map Seeds:  Village: 10387312 Desert: 14357617 Igloo: 14357618 Jungle: 14357619 Swamp: 14357620 Monument: 10387313 Ocean: 14357621 Shipwreck: 165745295 End City: 10387313 Slime: 987234911 Bastion: 30084232 Fortress: 30084232 Mansion: 10387319 Fossil: 14357921 Portal: 34222645
[09:31:17] [Server thread/INFO]: Hopper Transfer: 8 Hopper Check: 1 Hopper Amount: 1
[09:31:17] [Server thread/INFO]: Tile Max Tick Time: 50ms Entity max Tick Time: 50ms
[09:31:17] [Server thread/INFO]: Max TNT Explosions: 100
[09:31:17] [Server thread/INFO]: Item Despawn Rate: 6000
[09:31:17] [Server thread/INFO]: Item Merge Radius: 2.5
[09:31:17] [Server thread/INFO]: View Distance: 10
[09:31:17] [Server thread/INFO]: Simulation Distance: 10
[09:31:17] [Server thread/INFO]: Allow Zombie Pigmen to spawn from portal blocks: true
[09:31:17] [Server thread/INFO]: Arrow Despawn Rate: 1200 Trident Respawn Rate:1200
[09:31:17] [Server thread/INFO]: Nerfing mobs spawned from spawners: false
[09:31:17] [Server thread/INFO]: Zombie Aggressive Towards Villager: true
[09:31:17] [Server thread/INFO]: Mob Spawn Range: 6
[09:31:17] [Server thread/INFO]: [WorldEdit] Disabling WorldEdit v7.2.9+e20e013
[09:31:17] [Server thread/INFO]: Unregistering com.sk89q.worldedit.bukkit.BukkitServerInterface from WorldEdit
[09:31:17] [Server thread/INFO]: Reloading ResourceManager: Default, bukkit
[09:31:20] [Server thread/INFO]: Loaded 7 recipes
[09:31:20] [User Authenticator #1/INFO]: UUID of player welcomehyunseo is c8a169ec-895c-426b-a0c4-2d359dd59a26
[09:31:21] [Server thread/INFO]: [WaterDemon] Loading WaterDemon v1.0-SNAPSHOT
[09:31:21] [Server thread/INFO]: [WorldEdit] Loading WorldEdit v7.2.9+e20e013
[09:31:21] [Server thread/INFO]: Got request to register class com.sk89q.worldedit.bukkit.BukkitServerInterface with WorldEdit [com.sk89q.worldedit.extension.platform.PlatformManager@5cb4c92a]
[09:31:21] [Server thread/INFO]: [WorldEdit] Enabling WorldEdit v7.2.9+e20e013
[09:31:21] [Server thread/INFO]: Registering commands with com.sk89q.worldedit.bukkit.BukkitServerInterface
[09:31:22] [Server thread/INFO]: WEPIF: Using the Bukkit Permissions API.
[09:31:22] [Server thread/WARN]: [WorldEdit] Server reload detected. This may cause various issues with WorldEdit and dependent plugins.
[09:31:22] [Server thread/INFO]: Using com.sk89q.worldedit.bukkit.adapter.impl.v1_18_R1.PaperweightAdapter as the Bukkit adapter
[09:31:23] [Server thread/INFO]: [WorldEdit] ====================================================
[09:31:23] [Server thread/INFO]: [WorldEdit]  WorldEdit works better if you use Paper 
[09:31:23] [Server thread/INFO]: [WorldEdit]  as your server software. 
[09:31:23] [Server thread/INFO]: [WorldEdit] ====================================================
[09:31:23] [Server thread/INFO]: [WaterDemon] Enabling WaterDemon v1.0-SNAPSHOT
[09:31:23] [Server thread/INFO]: Server permissions file permissions.yml is empty, ignoring it
[09:31:23] [Server thread/INFO]: CONSOLE: [0;32;1mReload complete.[m
[09:31:23] [Server thread/WARN]: Can't keep up! Is the server overloaded? Running 5897ms or 117 ticks behind
[09:31:23] [Server thread/INFO]: welcomehyunseo[/127.0.0.1:52583] logged in with entity id 22 at ([world]-0.7052108103936955, 5.0, 5.890782803289004)
[09:31:35] [Server thread/INFO]: welcomehyunseo issued server command: /kill @e[type=minecraft:drowned]
[09:31:35] [Server thread/INFO]: [welcomehyunseo: Killed Drowned]
[09:31:42] [Server thread/INFO]: welcomehyunseo was slain by Drowned
[09:32:14] [Server thread/INFO]: welcomehyunseo issued server command: /reload
[09:32:14] [Server thread/INFO]: welcomehyunseo: [0;31;1mPlease note that this command is not supported and may cause issues when using some plugins.[m
[09:32:14] [Server thread/INFO]: welcomehyunseo: [0;31;1mIf you encounter any issues please use the /stop command to restart your server.[m
[09:32:14] [Server thread/INFO]: Debug logging is disabled
[09:32:14] [Server thread/INFO]: Server Ping Player Sample Count: 12
[09:32:14] [Server thread/INFO]: Using 4 threads for Netty based IO
[09:32:14] [Server thread/INFO]: -------- World Settings For [world] --------
[09:32:14] [Server thread/INFO]: Cactus Growth Modifier: 100%
[09:32:14] [Server thread/INFO]: Cane Growth Modifier: 100%
[09:32:14] [Server thread/INFO]: Melon Growth Modifier: 100%
[09:32:14] [Server thread/INFO]: Mushroom Growth Modifier: 100%
[09:32:14] [Server thread/INFO]: Pumpkin Growth Modifier: 100%
[09:32:14] [Server thread/INFO]: Sapling Growth Modifier: 100%
[09:32:14] [Server thread/INFO]: Beetroot Growth Modifier: 100%
[09:32:14] [Server thread/INFO]: Carrot Growth Modifier: 100%
[09:32:14] [Server thread/INFO]: Potato Growth Modifier: 100%
[09:32:14] [Server thread/INFO]: Wheat Growth Modifier: 100%
[09:32:14] [Server thread/INFO]: NetherWart Growth Modifier: 100%
[09:32:14] [Server thread/INFO]: Vine Growth Modifier: 100%
[09:32:14] [Server thread/INFO]: Cocoa Growth Modifier: 100%
[09:32:14] [Server thread/INFO]: Bamboo Growth Modifier: 100%
[09:32:14] [Server thread/INFO]: SweetBerry Growth Modifier: 100%
[09:32:14] [Server thread/INFO]: Kelp Growth Modifier: 100%
[09:32:14] [Server thread/INFO]: Experience Merge Radius: 3.0
[09:32:14] [Server thread/INFO]: Entity Activation Range: An 32 / Mo 32 / Ra 48 / Mi 16 / Tiv true / Isa false
[09:32:14] [Server thread/INFO]: Entity Tracking Range: Pl 48 / An 48 / Mo 48 / Mi 32 / Other 64
[09:32:14] [Server thread/INFO]: Custom Map Seeds:  Village: 10387312 Desert: 14357617 Igloo: 14357618 Jungle: 14357619 Swamp: 14357620 Monument: 10387313 Ocean: 14357621 Shipwreck: 165745295 End City: 10387313 Slime: 987234911 Bastion: 30084232 Fortress: 30084232 Mansion: 10387319 Fossil: 14357921 Portal: 34222645
[09:32:14] [Server thread/INFO]: Hopper Transfer: 8 Hopper Check: 1 Hopper Amount: 1
[09:32:14] [Server thread/INFO]: Tile Max Tick Time: 50ms Entity max Tick Time: 50ms
[09:32:14] [Server thread/INFO]: Max TNT Explosions: 100
[09:32:14] [Server thread/INFO]: Item Despawn Rate: 6000
[09:32:14] [Server thread/INFO]: Item Merge Radius: 2.5
[09:32:14] [Server thread/INFO]: View Distance: 10
[09:32:14] [Server thread/INFO]: Simulation Distance: 10
[09:32:14] [Server thread/INFO]: Allow Zombie Pigmen to spawn from portal blocks: true
[09:32:14] [Server thread/INFO]: Arrow Despawn Rate: 1200 Trident Respawn Rate:1200
[09:32:14] [Server thread/INFO]: Nerfing mobs spawned from spawners: false
[09:32:14] [Server thread/INFO]: Zombie Aggressive Towards Villager: true
[09:32:14] [Server thread/INFO]: Mob Spawn Range: 6
[09:32:14] [Server thread/INFO]: -------- World Settings For [world_nether] --------
[09:32:14] [Server thread/INFO]: Cactus Growth Modifier: 100%
[09:32:14] [Server thread/INFO]: Cane Growth Modifier: 100%
[09:32:14] [Server thread/INFO]: Melon Growth Modifier: 100%
[09:32:14] [Server thread/INFO]: Mushroom Growth Modifier: 100%
[09:32:14] [Server thread/INFO]: Pumpkin Growth Modifier: 100%
[09:32:14] [Server thread/INFO]: Sapling Growth Modifier: 100%
[09:32:14] [Server thread/INFO]: Beetroot Growth Modifier: 100%
[09:32:14] [Server thread/INFO]: Carrot Growth Modifier: 100%
[09:32:14] [Server thread/INFO]: Potato Growth Modifier: 100%
[09:32:14] [Server thread/INFO]: Wheat Growth Modifier: 100%
[09:32:14] [Server thread/INFO]: NetherWart Growth Modifier: 100%
[09:32:14] [Server thread/INFO]: Vine Growth Modifier: 100%
[09:32:14] [Server thread/INFO]: Cocoa Growth Modifier: 100%
[09:32:14] [Server thread/INFO]: Bamboo Growth Modifier: 100%
[09:32:14] [Server thread/INFO]: SweetBerry Growth Modifier: 100%
[09:32:14] [Server thread/INFO]: Kelp Growth Modifier: 100%
[09:32:14] [Server thread/INFO]: Experience Merge Radius: 3.0
[09:32:14] [Server thread/INFO]: Entity Activation Range: An 32 / Mo 32 / Ra 48 / Mi 16 / Tiv true / Isa false
[09:32:14] [Server thread/INFO]: Entity Tracking Range: Pl 48 / An 48 / Mo 48 / Mi 32 / Other 64
[09:32:14] [Server thread/INFO]: Custom Map Seeds:  Village: 10387312 Desert: 14357617 Igloo: 14357618 Jungle: 14357619 Swamp: 14357620 Monument: 10387313 Ocean: 14357621 Shipwreck: 165745295 End City: 10387313 Slime: 987234911 Bastion: 30084232 Fortress: 30084232 Mansion: 10387319 Fossil: 14357921 Portal: 34222645
[09:32:14] [Server thread/INFO]: Hopper Transfer: 8 Hopper Check: 1 Hopper Amount: 1
[09:32:14] [Server thread/INFO]: Tile Max Tick Time: 50ms Entity max Tick Time: 50ms
[09:32:14] [Server thread/INFO]: Max TNT Explosions: 100
[09:32:14] [Server thread/INFO]: Item Despawn Rate: 6000
[09:32:14] [Server thread/INFO]: Item Merge Radius: 2.5
[09:32:14] [Server thread/INFO]: View Distance: 10
[09:32:14] [Server thread/INFO]: Simulation Distance: 10
[09:32:14] [Server thread/INFO]: Allow Zombie Pigmen to spawn from portal blocks: true
[09:32:14] [Server thread/INFO]: Arrow Despawn Rate: 1200 Trident Respawn Rate:1200
[09:32:14] [Server thread/INFO]: Nerfing mobs spawned from spawners: false
[09:32:14] [Server thread/INFO]: Zombie Aggressive Towards Villager: true
[09:32:14] [Server thread/INFO]: Mob Spawn Range: 6
[09:32:14] [Server thread/INFO]: -------- World Settings For [world_the_end] --------
[09:32:14] [Server thread/INFO]: Cactus Growth Modifier: 100%
[09:32:14] [Server thread/INFO]: Cane Growth Modifier: 100%
[09:32:14] [Server thread/INFO]: Melon Growth Modifier: 100%
[09:32:14] [Server thread/INFO]: Mushroom Growth Modifier: 100%
[09:32:14] [Server thread/INFO]: Pumpkin Growth Modifier: 100%
[09:32:14] [Server thread/INFO]: Sapling Growth Modifier: 100%
[09:32:14] [Server thread/INFO]: Beetroot Growth Modifier: 100%
[09:32:14] [Server thread/INFO]: Carrot Growth Modifier: 100%
[09:32:14] [Server thread/INFO]: Potato Growth Modifier: 100%
[09:32:14] [Server thread/INFO]: Wheat Growth Modifier: 100%
[09:32:14] [Server thread/INFO]: NetherWart Growth Modifier: 100%
[09:32:14] [Server thread/INFO]: Vine Growth Modifier: 100%
[09:32:14] [Server thread/INFO]: Cocoa Growth Modifier: 100%
[09:32:14] [Server thread/INFO]: Bamboo Growth Modifier: 100%
[09:32:14] [Server thread/INFO]: SweetBerry Growth Modifier: 100%
[09:32:14] [Server thread/INFO]: Kelp Growth Modifier: 100%
[09:32:14] [Server thread/INFO]: Experience Merge Radius: 3.0
[09:32:14] [Server thread/INFO]: Entity Activation Range: An 32 / Mo 32 / Ra 48 / Mi 16 / Tiv true / Isa false
[09:32:14] [Server thread/INFO]: Entity Tracking Range: Pl 48 / An 48 / Mo 48 / Mi 32 / Other 64
[09:32:14] [Server thread/INFO]: Custom Map Seeds:  Village: 10387312 Desert: 14357617 Igloo: 14357618 Jungle: 14357619 Swamp: 14357620 Monument: 10387313 Ocean: 14357621 Shipwreck: 165745295 End City: 10387313 Slime: 987234911 Bastion: 30084232 Fortress: 30084232 Mansion: 10387319 Fossil: 14357921 Portal: 34222645
[09:32:14] [Server thread/INFO]: Hopper Transfer: 8 Hopper Check: 1 Hopper Amount: 1
[09:32:14] [Server thread/INFO]: Tile Max Tick Time: 50ms Entity max Tick Time: 50ms
[09:32:14] [Server thread/INFO]: Max TNT Explosions: 100
[09:32:14] [Server thread/INFO]: Item Despawn Rate: 6000
[09:32:14] [Server thread/INFO]: Item Merge Radius: 2.5
[09:32:14] [Server thread/INFO]: View Distance: 10
[09:32:14] [Server thread/INFO]: Simulation Distance: 10
[09:32:14] [Server thread/INFO]: Allow Zombie Pigmen to spawn from portal blocks: true
[09:32:14] [Server thread/INFO]: Arrow Despawn Rate: 1200 Trident Respawn Rate:1200
[09:32:14] [Server thread/INFO]: Nerfing mobs spawned from spawners: false
[09:32:14] [Server thread/INFO]: Zombie Aggressive Towards Villager: true
[09:32:14] [Server thread/INFO]: Mob Spawn Range: 6
[09:32:14] [Server thread/INFO]: [WorldEdit] Disabling WorldEdit v7.2.9+e20e013
[09:32:14] [Server thread/INFO]: Unregistering com.sk89q.worldedit.bukkit.BukkitServerInterface from WorldEdit
[09:32:14] [Server thread/INFO]: [WaterDemon] Disabling WaterDemon v1.0-SNAPSHOT
[09:32:14] [Server thread/INFO]: Reloading ResourceManager: Default, bukkit
[09:32:14] [Server thread/INFO]: Loaded 7 recipes
[09:32:16] [Server thread/INFO]: [WaterDemon] Loading WaterDemon v1.0-SNAPSHOT
[09:32:16] [Server thread/INFO]: [WorldEdit] Loading WorldEdit v7.2.9+e20e013
[09:32:17] [Server thread/INFO]: Got request to register class com.sk89q.worldedit.bukkit.BukkitServerInterface with WorldEdit [com.sk89q.worldedit.extension.platform.PlatformManager@7d992c65]
[09:32:17] [Server thread/INFO]: [WorldEdit] Enabling WorldEdit v7.2.9+e20e013
[09:32:17] [Server thread/INFO]: Registering commands with com.sk89q.worldedit.bukkit.BukkitServerInterface
[09:32:17] [Server thread/INFO]: WEPIF: Using the Bukkit Permissions API.
[09:32:17] [Server thread/WARN]: [WorldEdit] Server reload detected. This may cause various issues with WorldEdit and dependent plugins.
[09:32:17] [Server thread/INFO]: Using com.sk89q.worldedit.bukkit.adapter.impl.v1_18_R1.PaperweightAdapter as the Bukkit adapter
[09:32:19] [Server thread/INFO]: [WorldEdit] ====================================================
[09:32:19] [Server thread/INFO]: [WorldEdit]  WorldEdit works better if you use Paper 
[09:32:19] [Server thread/INFO]: [WorldEdit]  as your server software. 
[09:32:19] [Server thread/INFO]: [WorldEdit] ====================================================
[09:32:19] [Server thread/INFO]: [WaterDemon] Enabling WaterDemon v1.0-SNAPSHOT
[09:32:19] [Server thread/INFO]: Server permissions file permissions.yml is empty, ignoring it
[09:32:19] [Server thread/INFO]: welcomehyunseo: [0;32;1mReload complete.[m
[09:32:19] [Server thread/WARN]: Can't keep up! Is the server overloaded? Running 5574ms or 111 ticks behind
[09:32:19] [Server thread/INFO]: welcomehyunseo issued server command: /kill @e[type=minecraft:drowned]
[09:32:19] [Server thread/INFO]: [welcomehyunseo: Killed Drowned]
[09:32:54] [Server thread/INFO]: welcomehyunseo issued server command: /stop
[09:32:54] [Server thread/INFO]: [welcomehyunseo: Stopping the server]
[09:32:54] [Server thread/INFO]: Stopping server
[09:32:54] [Server thread/INFO]: [WorldEdit] Disabling WorldEdit v7.2.9+e20e013
[09:32:54] [Server thread/INFO]: Unregistering com.sk89q.worldedit.bukkit.BukkitServerInterface from WorldEdit
[09:32:54] [Server thread/INFO]: [WaterDemon] Disabling WaterDemon v1.0-SNAPSHOT
[09:32:54] [Server thread/INFO]: Saving players
[09:32:54] [Server thread/INFO]: welcomehyunseo lost connection: Server closed
[09:32:54] [Server thread/INFO]: welcomehyunseo left the game
[09:32:55] [Server thread/INFO]: Saving worlds
[09:32:55] [Server thread/INFO]: Saving chunks for level 'ServerLevel[world]'/minecraft:overworld
[09:32:55] [Server thread/INFO]: Saving chunks for level 'ServerLevel[world_nether]'/minecraft:the_nether
[09:32:55] [Server thread/INFO]: Saving chunks for level 'ServerLevel[world_the_end]'/minecraft:the_end
[09:32:55] [Server thread/INFO]: ThreadedAnvilChunkStorage (world): All chunks are saved
[09:32:55] [Server thread/INFO]: ThreadedAnvilChunkStorage (DIM-1): All chunks are saved
[09:32:55] [Server thread/INFO]: ThreadedAnvilChunkStorage (DIM1): All chunks are saved
[09:32:55] [Server thread/INFO]: ThreadedAnvilChunkStorage: All dimensions are saved
